[2024-05-25T08:43:11.955+0000] {local_task_job_runner.py:120} INFO - ::group::Pre task execution logs
[2024-05-25T08:43:11.970+0000] {taskinstance.py:2076} INFO - Dependencies all met for dep_context=non-requeueable deps ti=<TaskInstance: Airflow_Deep_Learning_Operator.bash_run manual__2024-05-25T08:43:09.875843+00:00 [queued]>
[2024-05-25T08:43:11.973+0000] {taskinstance.py:2076} INFO - Dependencies all met for dep_context=requeueable deps ti=<TaskInstance: Airflow_Deep_Learning_Operator.bash_run manual__2024-05-25T08:43:09.875843+00:00 [queued]>
[2024-05-25T08:43:11.973+0000] {taskinstance.py:2306} INFO - Starting attempt 1 of 4
[2024-05-25T08:43:11.978+0000] {taskinstance.py:2330} INFO - Executing <Task(BashOperator): bash_run> on 2024-05-25 08:43:09.875843+00:00
[2024-05-25T08:43:11.986+0000] {logging_mixin.py:188} WARNING - /home/***/.local/lib/python3.12/site-packages/***/task/task_runner/standard_task_runner.py:61 DeprecationWarning: This process (pid=2650) is multi-threaded, use of fork() may lead to deadlocks in the child.
[2024-05-25T08:43:11.987+0000] {standard_task_runner.py:63} INFO - Started process 2652 to run task
[2024-05-25T08:43:11.986+0000] {standard_task_runner.py:90} INFO - Running: ['***', 'tasks', 'run', 'Airflow_Deep_Learning_Operator', 'bash_run', 'manual__2024-05-25T08:43:09.875843+00:00', '--job-id', '10', '--raw', '--subdir', 'DAGS_FOLDER/AirflowDeepLearningPipeline.py', '--cfg-path', '/tmp/tmp_95f715f']
[2024-05-25T08:43:11.988+0000] {standard_task_runner.py:91} INFO - Job 10: Subtask bash_run
[2024-05-25T08:43:12.016+0000] {task_command.py:426} INFO - Running <TaskInstance: Airflow_Deep_Learning_Operator.bash_run manual__2024-05-25T08:43:09.875843+00:00 [running]> on host 41e1ce6ea4b1
[2024-05-25T08:43:12.057+0000] {taskinstance.py:2648} INFO - Exporting env vars: AIRFLOW_CTX_DAG_OWNER='synarcs' AIRFLOW_CTX_DAG_ID='Airflow_Deep_Learning_Operator' AIRFLOW_CTX_TASK_ID='bash_run' AIRFLOW_CTX_EXECUTION_DATE='2024-05-25T08:43:09.875843+00:00' AIRFLOW_CTX_TRY_NUMBER='1' AIRFLOW_CTX_DAG_RUN_ID='manual__2024-05-25T08:43:09.875843+00:00'
[2024-05-25T08:43:12.057+0000] {taskinstance.py:430} INFO - ::endgroup::
[2024-05-25T08:43:12.063+0000] {subprocess.py:63} INFO - Tmp dir root location: /tmp
[2024-05-25T08:43:12.063+0000] {subprocess.py:75} INFO - Running command: ['/usr/bin/bash', '-c', "echo 'Starting training the model'"]
[2024-05-25T08:43:12.074+0000] {subprocess.py:86} INFO - Output:
[2024-05-25T08:43:12.076+0000] {subprocess.py:93} INFO - Starting training the model
[2024-05-25T08:43:12.076+0000] {subprocess.py:97} INFO - Command exited with return code 0
[2024-05-25T08:43:12.077+0000] {taskinstance.py:441} INFO - ::group::Post task execution logs
[2024-05-25T08:43:12.090+0000] {taskinstance.py:1206} INFO - Marking task as SUCCESS. dag_id=Airflow_Deep_Learning_Operator, task_id=bash_run, run_id=manual__2024-05-25T08:43:09.875843+00:00, execution_date=20240525T084309, start_date=20240525T084311, end_date=20240525T084312
[2024-05-25T08:43:12.123+0000] {local_task_job_runner.py:240} INFO - Task exited with return code 0
[2024-05-25T08:43:12.133+0000] {taskinstance.py:3498} INFO - 1 downstream tasks scheduled from follow-on schedule check
[2024-05-25T08:43:12.134+0000] {local_task_job_runner.py:222} INFO - ::endgroup::
