[2024-05-25T07:18:59.638+0000] {local_task_job_runner.py:120} INFO - ::group::Pre task execution logs
[2024-05-25T07:18:59.661+0000] {taskinstance.py:2076} INFO - Dependencies all met for dep_context=non-requeueable deps ti=<TaskInstance: sample.bash_run manual__2024-05-25T07:18:58.356984+00:00 [queued]>
[2024-05-25T07:18:59.666+0000] {taskinstance.py:2076} INFO - Dependencies all met for dep_context=requeueable deps ti=<TaskInstance: sample.bash_run manual__2024-05-25T07:18:58.356984+00:00 [queued]>
[2024-05-25T07:18:59.666+0000] {taskinstance.py:2306} INFO - Starting attempt 1 of 4
[2024-05-25T07:18:59.672+0000] {taskinstance.py:2330} INFO - Executing <Task(BashOperator): bash_run> on 2024-05-25 07:18:58.356984+00:00
[2024-05-25T07:18:59.677+0000] {logging_mixin.py:188} WARNING - /home/***/.local/lib/python3.12/site-packages/***/task/task_runner/standard_task_runner.py:61 DeprecationWarning: This process (pid=754) is multi-threaded, use of fork() may lead to deadlocks in the child.
[2024-05-25T07:18:59.677+0000] {standard_task_runner.py:63} INFO - Started process 755 to run task
[2024-05-25T07:18:59.676+0000] {standard_task_runner.py:90} INFO - Running: ['***', 'tasks', 'run', 'sample', 'bash_run', 'manual__2024-05-25T07:18:58.356984+00:00', '--job-id', '4', '--raw', '--subdir', 'DAGS_FOLDER/AirflowDeepLearningOperator.py', '--cfg-path', '/tmp/tmp77uv89tn']
[2024-05-25T07:18:59.678+0000] {standard_task_runner.py:91} INFO - Job 4: Subtask bash_run
[2024-05-25T07:18:59.703+0000] {task_command.py:426} INFO - Running <TaskInstance: sample.bash_run manual__2024-05-25T07:18:58.356984+00:00 [running]> on host 803f731ab2bf
[2024-05-25T07:18:59.745+0000] {taskinstance.py:2648} INFO - Exporting env vars: AIRFLOW_CTX_DAG_OWNER='synarcs' AIRFLOW_CTX_DAG_ID='sample' AIRFLOW_CTX_TASK_ID='bash_run' AIRFLOW_CTX_EXECUTION_DATE='2024-05-25T07:18:58.356984+00:00' AIRFLOW_CTX_TRY_NUMBER='1' AIRFLOW_CTX_DAG_RUN_ID='manual__2024-05-25T07:18:58.356984+00:00'
[2024-05-25T07:18:59.746+0000] {taskinstance.py:430} INFO - ::endgroup::
[2024-05-25T07:18:59.753+0000] {subprocess.py:63} INFO - Tmp dir root location: /tmp
[2024-05-25T07:18:59.754+0000] {subprocess.py:75} INFO - Running command: ['/usr/bin/bash', '-c', 'uname -a']
[2024-05-25T07:18:59.759+0000] {subprocess.py:86} INFO - Output:
[2024-05-25T07:18:59.762+0000] {subprocess.py:93} INFO - Linux 803f731ab2bf 5.15.49-linuxkit-pr #1 SMP PREEMPT Thu May 25 07:27:39 UTC 2023 aarch64 GNU/Linux
[2024-05-25T07:18:59.763+0000] {subprocess.py:97} INFO - Command exited with return code 0
[2024-05-25T07:18:59.763+0000] {taskinstance.py:441} INFO - ::group::Post task execution logs
[2024-05-25T07:18:59.777+0000] {taskinstance.py:1206} INFO - Marking task as SUCCESS. dag_id=sample, task_id=bash_run, run_id=manual__2024-05-25T07:18:58.356984+00:00, execution_date=20240525T071858, start_date=20240525T071859, end_date=20240525T071859
[2024-05-25T07:18:59.814+0000] {local_task_job_runner.py:240} INFO - Task exited with return code 0
[2024-05-25T07:18:59.822+0000] {taskinstance.py:3498} INFO - 0 downstream tasks scheduled from follow-on schedule check
[2024-05-25T07:18:59.823+0000] {local_task_job_runner.py:222} INFO - ::endgroup::
