[2024-05-25T08:02:02.503+0000] {local_task_job_runner.py:120} INFO - ::group::Pre task execution logs
[2024-05-25T08:02:02.519+0000] {taskinstance.py:2076} INFO - Dependencies all met for dep_context=non-requeueable deps ti=<TaskInstance: Airflow_Deep_Learning_Operator.bash_run manual__2024-05-25T08:02:00.581581+00:00 [queued]>
[2024-05-25T08:02:02.522+0000] {taskinstance.py:2076} INFO - Dependencies all met for dep_context=requeueable deps ti=<TaskInstance: Airflow_Deep_Learning_Operator.bash_run manual__2024-05-25T08:02:00.581581+00:00 [queued]>
[2024-05-25T08:02:02.522+0000] {taskinstance.py:2306} INFO - Starting attempt 1 of 4
[2024-05-25T08:02:02.526+0000] {taskinstance.py:2330} INFO - Executing <Task(BashOperator): bash_run> on 2024-05-25 08:02:00.581581+00:00
[2024-05-25T08:02:02.535+0000] {logging_mixin.py:188} WARNING - /home/***/.local/lib/python3.12/site-packages/***/task/task_runner/standard_task_runner.py:61 DeprecationWarning: This process (pid=560) is multi-threaded, use of fork() may lead to deadlocks in the child.
[2024-05-25T08:02:02.536+0000] {standard_task_runner.py:63} INFO - Started process 562 to run task
[2024-05-25T08:02:02.535+0000] {standard_task_runner.py:90} INFO - Running: ['***', 'tasks', 'run', 'Airflow_Deep_Learning_Operator', 'bash_run', 'manual__2024-05-25T08:02:00.581581+00:00', '--job-id', '8', '--raw', '--subdir', 'DAGS_FOLDER/AirflowDeepLearningOperator.py', '--cfg-path', '/tmp/tmpek_ij0j1']
[2024-05-25T08:02:02.537+0000] {standard_task_runner.py:91} INFO - Job 8: Subtask bash_run
[2024-05-25T08:02:02.565+0000] {task_command.py:426} INFO - Running <TaskInstance: Airflow_Deep_Learning_Operator.bash_run manual__2024-05-25T08:02:00.581581+00:00 [running]> on host 41e1ce6ea4b1
[2024-05-25T08:02:02.611+0000] {taskinstance.py:2648} INFO - Exporting env vars: AIRFLOW_CTX_DAG_OWNER='synarcs' AIRFLOW_CTX_DAG_ID='Airflow_Deep_Learning_Operator' AIRFLOW_CTX_TASK_ID='bash_run' AIRFLOW_CTX_EXECUTION_DATE='2024-05-25T08:02:00.581581+00:00' AIRFLOW_CTX_TRY_NUMBER='1' AIRFLOW_CTX_DAG_RUN_ID='manual__2024-05-25T08:02:00.581581+00:00'
[2024-05-25T08:02:02.612+0000] {taskinstance.py:430} INFO - ::endgroup::
[2024-05-25T08:02:02.623+0000] {subprocess.py:63} INFO - Tmp dir root location: /tmp
[2024-05-25T08:02:02.624+0000] {subprocess.py:75} INFO - Running command: ['/usr/bin/bash', '-c', 'uname -a']
[2024-05-25T08:02:02.634+0000] {subprocess.py:86} INFO - Output:
[2024-05-25T08:02:02.637+0000] {subprocess.py:93} INFO - Linux 41e1ce6ea4b1 5.15.49-linuxkit-pr #1 SMP PREEMPT Thu May 25 07:27:39 UTC 2023 aarch64 GNU/Linux
[2024-05-25T08:02:02.637+0000] {subprocess.py:97} INFO - Command exited with return code 0
[2024-05-25T08:02:02.637+0000] {taskinstance.py:441} INFO - ::group::Post task execution logs
[2024-05-25T08:02:02.651+0000] {taskinstance.py:1206} INFO - Marking task as SUCCESS. dag_id=Airflow_Deep_Learning_Operator, task_id=bash_run, run_id=manual__2024-05-25T08:02:00.581581+00:00, execution_date=20240525T080200, start_date=20240525T080202, end_date=20240525T080202
[2024-05-25T08:02:02.670+0000] {local_task_job_runner.py:240} INFO - Task exited with return code 0
[2024-05-25T08:02:02.681+0000] {taskinstance.py:3498} INFO - 0 downstream tasks scheduled from follow-on schedule check
[2024-05-25T08:02:02.682+0000] {local_task_job_runner.py:222} INFO - ::endgroup::
