[2024-05-25T08:56:31.861+0000] {processor.py:161} INFO - Started process (PID=3493) to work on /opt/airflow/dags/AirflowOperatorRunner.py
[2024-05-25T08:56:31.862+0000] {processor.py:830} INFO - Processing file /opt/airflow/dags/AirflowOperatorRunner.py for tasks to queue
[2024-05-25T08:56:31.863+0000] {logging_mixin.py:188} INFO - [2024-05-25T08:56:31.863+0000] {dagbag.py:545} INFO - Filling up the DagBag from /opt/airflow/dags/AirflowOperatorRunner.py
[2024-05-25T08:56:31.866+0000] {processor.py:842} WARNING - No viable dags retrieved from /opt/airflow/dags/AirflowOperatorRunner.py
[2024-05-25T08:56:31.881+0000] {processor.py:183} INFO - Processing /opt/airflow/dags/AirflowOperatorRunner.py took 0.025 seconds
[2024-05-25T08:57:02.090+0000] {processor.py:161} INFO - Started process (PID=3521) to work on /opt/airflow/dags/AirflowOperatorRunner.py
[2024-05-25T08:57:02.092+0000] {processor.py:830} INFO - Processing file /opt/airflow/dags/AirflowOperatorRunner.py for tasks to queue
[2024-05-25T08:57:02.093+0000] {logging_mixin.py:188} INFO - [2024-05-25T08:57:02.092+0000] {dagbag.py:545} INFO - Filling up the DagBag from /opt/airflow/dags/AirflowOperatorRunner.py
[2024-05-25T08:57:02.095+0000] {processor.py:842} WARNING - No viable dags retrieved from /opt/airflow/dags/AirflowOperatorRunner.py
[2024-05-25T08:57:02.110+0000] {processor.py:183} INFO - Processing /opt/airflow/dags/AirflowOperatorRunner.py took 0.024 seconds
[2024-05-25T08:57:32.386+0000] {processor.py:161} INFO - Started process (PID=3544) to work on /opt/airflow/dags/AirflowOperatorRunner.py
[2024-05-25T08:57:32.388+0000] {processor.py:830} INFO - Processing file /opt/airflow/dags/AirflowOperatorRunner.py for tasks to queue
[2024-05-25T08:57:32.390+0000] {logging_mixin.py:188} INFO - [2024-05-25T08:57:32.389+0000] {dagbag.py:545} INFO - Filling up the DagBag from /opt/airflow/dags/AirflowOperatorRunner.py
[2024-05-25T08:57:32.395+0000] {processor.py:842} WARNING - No viable dags retrieved from /opt/airflow/dags/AirflowOperatorRunner.py
[2024-05-25T08:57:32.411+0000] {processor.py:183} INFO - Processing /opt/airflow/dags/AirflowOperatorRunner.py took 0.039 seconds
[2024-05-25T08:58:02.686+0000] {processor.py:161} INFO - Started process (PID=3576) to work on /opt/airflow/dags/AirflowOperatorRunner.py
[2024-05-25T08:58:02.689+0000] {processor.py:830} INFO - Processing file /opt/airflow/dags/AirflowOperatorRunner.py for tasks to queue
[2024-05-25T08:58:02.690+0000] {logging_mixin.py:188} INFO - [2024-05-25T08:58:02.689+0000] {dagbag.py:545} INFO - Filling up the DagBag from /opt/airflow/dags/AirflowOperatorRunner.py
[2024-05-25T08:58:02.694+0000] {processor.py:842} WARNING - No viable dags retrieved from /opt/airflow/dags/AirflowOperatorRunner.py
[2024-05-25T08:58:02.711+0000] {processor.py:183} INFO - Processing /opt/airflow/dags/AirflowOperatorRunner.py took 0.040 seconds
[2024-05-25T08:58:32.958+0000] {processor.py:161} INFO - Started process (PID=3608) to work on /opt/airflow/dags/AirflowOperatorRunner.py
[2024-05-25T08:58:32.959+0000] {processor.py:830} INFO - Processing file /opt/airflow/dags/AirflowOperatorRunner.py for tasks to queue
[2024-05-25T08:58:32.960+0000] {logging_mixin.py:188} INFO - [2024-05-25T08:58:32.960+0000] {dagbag.py:545} INFO - Filling up the DagBag from /opt/airflow/dags/AirflowOperatorRunner.py
[2024-05-25T08:58:32.963+0000] {processor.py:842} WARNING - No viable dags retrieved from /opt/airflow/dags/AirflowOperatorRunner.py
[2024-05-25T08:58:32.975+0000] {processor.py:183} INFO - Processing /opt/airflow/dags/AirflowOperatorRunner.py took 0.024 seconds
[2024-05-25T08:59:03.234+0000] {processor.py:161} INFO - Started process (PID=3633) to work on /opt/airflow/dags/AirflowOperatorRunner.py
[2024-05-25T08:59:03.236+0000] {processor.py:830} INFO - Processing file /opt/airflow/dags/AirflowOperatorRunner.py for tasks to queue
[2024-05-25T08:59:03.237+0000] {logging_mixin.py:188} INFO - [2024-05-25T08:59:03.236+0000] {dagbag.py:545} INFO - Filling up the DagBag from /opt/airflow/dags/AirflowOperatorRunner.py
[2024-05-25T08:59:03.240+0000] {processor.py:842} WARNING - No viable dags retrieved from /opt/airflow/dags/AirflowOperatorRunner.py
[2024-05-25T08:59:03.272+0000] {processor.py:183} INFO - Processing /opt/airflow/dags/AirflowOperatorRunner.py took 0.048 seconds
[2024-05-25T08:59:33.537+0000] {processor.py:161} INFO - Started process (PID=3665) to work on /opt/airflow/dags/AirflowOperatorRunner.py
[2024-05-25T08:59:33.540+0000] {processor.py:830} INFO - Processing file /opt/airflow/dags/AirflowOperatorRunner.py for tasks to queue
[2024-05-25T08:59:33.541+0000] {logging_mixin.py:188} INFO - [2024-05-25T08:59:33.541+0000] {dagbag.py:545} INFO - Filling up the DagBag from /opt/airflow/dags/AirflowOperatorRunner.py
[2024-05-25T08:59:33.546+0000] {processor.py:842} WARNING - No viable dags retrieved from /opt/airflow/dags/AirflowOperatorRunner.py
[2024-05-25T08:59:33.563+0000] {processor.py:183} INFO - Processing /opt/airflow/dags/AirflowOperatorRunner.py took 0.039 seconds
[2024-05-25T09:00:03.827+0000] {processor.py:161} INFO - Started process (PID=3690) to work on /opt/airflow/dags/AirflowOperatorRunner.py
[2024-05-25T09:00:03.830+0000] {processor.py:830} INFO - Processing file /opt/airflow/dags/AirflowOperatorRunner.py for tasks to queue
[2024-05-25T09:00:03.832+0000] {logging_mixin.py:188} INFO - [2024-05-25T09:00:03.831+0000] {dagbag.py:545} INFO - Filling up the DagBag from /opt/airflow/dags/AirflowOperatorRunner.py
[2024-05-25T09:00:03.836+0000] {processor.py:842} WARNING - No viable dags retrieved from /opt/airflow/dags/AirflowOperatorRunner.py
[2024-05-25T09:00:03.855+0000] {processor.py:183} INFO - Processing /opt/airflow/dags/AirflowOperatorRunner.py took 0.039 seconds
[2024-05-25T09:00:34.167+0000] {processor.py:161} INFO - Started process (PID=3723) to work on /opt/airflow/dags/AirflowOperatorRunner.py
[2024-05-25T09:00:34.168+0000] {processor.py:830} INFO - Processing file /opt/airflow/dags/AirflowOperatorRunner.py for tasks to queue
[2024-05-25T09:00:34.170+0000] {logging_mixin.py:188} INFO - [2024-05-25T09:00:34.169+0000] {dagbag.py:545} INFO - Filling up the DagBag from /opt/airflow/dags/AirflowOperatorRunner.py
[2024-05-25T09:00:34.175+0000] {processor.py:842} WARNING - No viable dags retrieved from /opt/airflow/dags/AirflowOperatorRunner.py
[2024-05-25T09:00:34.193+0000] {processor.py:183} INFO - Processing /opt/airflow/dags/AirflowOperatorRunner.py took 0.040 seconds
[2024-05-25T09:01:04.457+0000] {processor.py:161} INFO - Started process (PID=3756) to work on /opt/airflow/dags/AirflowOperatorRunner.py
[2024-05-25T09:01:04.458+0000] {processor.py:830} INFO - Processing file /opt/airflow/dags/AirflowOperatorRunner.py for tasks to queue
[2024-05-25T09:01:04.459+0000] {logging_mixin.py:188} INFO - [2024-05-25T09:01:04.459+0000] {dagbag.py:545} INFO - Filling up the DagBag from /opt/airflow/dags/AirflowOperatorRunner.py
[2024-05-25T09:01:04.463+0000] {processor.py:842} WARNING - No viable dags retrieved from /opt/airflow/dags/AirflowOperatorRunner.py
[2024-05-25T09:01:04.483+0000] {processor.py:183} INFO - Processing /opt/airflow/dags/AirflowOperatorRunner.py took 0.034 seconds
[2024-05-25T09:01:34.718+0000] {processor.py:161} INFO - Started process (PID=3788) to work on /opt/airflow/dags/AirflowOperatorRunner.py
[2024-05-25T09:01:34.718+0000] {processor.py:830} INFO - Processing file /opt/airflow/dags/AirflowOperatorRunner.py for tasks to queue
[2024-05-25T09:01:34.719+0000] {logging_mixin.py:188} INFO - [2024-05-25T09:01:34.719+0000] {dagbag.py:545} INFO - Filling up the DagBag from /opt/airflow/dags/AirflowOperatorRunner.py
[2024-05-25T09:01:34.722+0000] {processor.py:842} WARNING - No viable dags retrieved from /opt/airflow/dags/AirflowOperatorRunner.py
[2024-05-25T09:01:34.734+0000] {processor.py:183} INFO - Processing /opt/airflow/dags/AirflowOperatorRunner.py took 0.021 seconds
[2024-05-25T09:02:05.073+0000] {processor.py:161} INFO - Started process (PID=3813) to work on /opt/airflow/dags/AirflowOperatorRunner.py
[2024-05-25T09:02:05.075+0000] {processor.py:830} INFO - Processing file /opt/airflow/dags/AirflowOperatorRunner.py for tasks to queue
[2024-05-25T09:02:05.077+0000] {logging_mixin.py:188} INFO - [2024-05-25T09:02:05.076+0000] {dagbag.py:545} INFO - Filling up the DagBag from /opt/airflow/dags/AirflowOperatorRunner.py
[2024-05-25T09:02:05.081+0000] {processor.py:842} WARNING - No viable dags retrieved from /opt/airflow/dags/AirflowOperatorRunner.py
[2024-05-25T09:02:05.097+0000] {processor.py:183} INFO - Processing /opt/airflow/dags/AirflowOperatorRunner.py took 0.035 seconds
[2024-05-25T09:02:35.410+0000] {processor.py:161} INFO - Started process (PID=3845) to work on /opt/airflow/dags/AirflowOperatorRunner.py
[2024-05-25T09:02:35.412+0000] {processor.py:830} INFO - Processing file /opt/airflow/dags/AirflowOperatorRunner.py for tasks to queue
[2024-05-25T09:02:35.413+0000] {logging_mixin.py:188} INFO - [2024-05-25T09:02:35.413+0000] {dagbag.py:545} INFO - Filling up the DagBag from /opt/airflow/dags/AirflowOperatorRunner.py
[2024-05-25T09:02:35.417+0000] {processor.py:842} WARNING - No viable dags retrieved from /opt/airflow/dags/AirflowOperatorRunner.py
[2024-05-25T09:02:35.433+0000] {processor.py:183} INFO - Processing /opt/airflow/dags/AirflowOperatorRunner.py took 0.033 seconds
[2024-05-25T09:03:05.722+0000] {processor.py:161} INFO - Started process (PID=3877) to work on /opt/airflow/dags/AirflowOperatorRunner.py
[2024-05-25T09:03:05.723+0000] {processor.py:830} INFO - Processing file /opt/airflow/dags/AirflowOperatorRunner.py for tasks to queue
[2024-05-25T09:03:05.724+0000] {logging_mixin.py:188} INFO - [2024-05-25T09:03:05.723+0000] {dagbag.py:545} INFO - Filling up the DagBag from /opt/airflow/dags/AirflowOperatorRunner.py
[2024-05-25T09:03:05.726+0000] {processor.py:842} WARNING - No viable dags retrieved from /opt/airflow/dags/AirflowOperatorRunner.py
[2024-05-25T09:03:05.738+0000] {processor.py:183} INFO - Processing /opt/airflow/dags/AirflowOperatorRunner.py took 0.020 seconds
[2024-05-25T09:03:36.052+0000] {processor.py:161} INFO - Started process (PID=3902) to work on /opt/airflow/dags/AirflowOperatorRunner.py
[2024-05-25T09:03:36.053+0000] {processor.py:830} INFO - Processing file /opt/airflow/dags/AirflowOperatorRunner.py for tasks to queue
[2024-05-25T09:03:36.055+0000] {logging_mixin.py:188} INFO - [2024-05-25T09:03:36.054+0000] {dagbag.py:545} INFO - Filling up the DagBag from /opt/airflow/dags/AirflowOperatorRunner.py
[2024-05-25T09:03:36.058+0000] {processor.py:842} WARNING - No viable dags retrieved from /opt/airflow/dags/AirflowOperatorRunner.py
[2024-05-25T09:03:36.073+0000] {processor.py:183} INFO - Processing /opt/airflow/dags/AirflowOperatorRunner.py took 0.031 seconds
[2024-05-25T09:04:06.390+0000] {processor.py:161} INFO - Started process (PID=3934) to work on /opt/airflow/dags/AirflowOperatorRunner.py
[2024-05-25T09:04:06.393+0000] {processor.py:830} INFO - Processing file /opt/airflow/dags/AirflowOperatorRunner.py for tasks to queue
[2024-05-25T09:04:06.395+0000] {logging_mixin.py:188} INFO - [2024-05-25T09:04:06.394+0000] {dagbag.py:545} INFO - Filling up the DagBag from /opt/airflow/dags/AirflowOperatorRunner.py
[2024-05-25T09:04:06.400+0000] {processor.py:842} WARNING - No viable dags retrieved from /opt/airflow/dags/AirflowOperatorRunner.py
[2024-05-25T09:04:06.417+0000] {processor.py:183} INFO - Processing /opt/airflow/dags/AirflowOperatorRunner.py took 0.042 seconds
[2024-05-25T09:04:36.677+0000] {processor.py:161} INFO - Started process (PID=3966) to work on /opt/airflow/dags/AirflowOperatorRunner.py
[2024-05-25T09:04:36.680+0000] {processor.py:830} INFO - Processing file /opt/airflow/dags/AirflowOperatorRunner.py for tasks to queue
[2024-05-25T09:04:36.683+0000] {logging_mixin.py:188} INFO - [2024-05-25T09:04:36.681+0000] {dagbag.py:545} INFO - Filling up the DagBag from /opt/airflow/dags/AirflowOperatorRunner.py
[2024-05-25T09:04:36.688+0000] {processor.py:842} WARNING - No viable dags retrieved from /opt/airflow/dags/AirflowOperatorRunner.py
[2024-05-25T09:04:36.702+0000] {processor.py:183} INFO - Processing /opt/airflow/dags/AirflowOperatorRunner.py took 0.031 seconds
[2024-05-25T09:11:16.301+0000] {processor.py:161} INFO - Started process (PID=3987) to work on /opt/airflow/dags/AirflowOperatorRunner.py
[2024-05-25T09:11:16.302+0000] {processor.py:830} INFO - Processing file /opt/airflow/dags/AirflowOperatorRunner.py for tasks to queue
[2024-05-25T09:11:16.303+0000] {logging_mixin.py:188} INFO - [2024-05-25T09:11:16.303+0000] {dagbag.py:545} INFO - Filling up the DagBag from /opt/airflow/dags/AirflowOperatorRunner.py
[2024-05-25T09:11:16.306+0000] {processor.py:842} WARNING - No viable dags retrieved from /opt/airflow/dags/AirflowOperatorRunner.py
[2024-05-25T09:11:16.319+0000] {processor.py:183} INFO - Processing /opt/airflow/dags/AirflowOperatorRunner.py took 0.024 seconds
[2024-05-25T09:11:46.620+0000] {processor.py:161} INFO - Started process (PID=4017) to work on /opt/airflow/dags/AirflowOperatorRunner.py
[2024-05-25T09:11:46.621+0000] {processor.py:830} INFO - Processing file /opt/airflow/dags/AirflowOperatorRunner.py for tasks to queue
[2024-05-25T09:11:46.622+0000] {logging_mixin.py:188} INFO - [2024-05-25T09:11:46.621+0000] {dagbag.py:545} INFO - Filling up the DagBag from /opt/airflow/dags/AirflowOperatorRunner.py
[2024-05-25T09:11:46.624+0000] {processor.py:842} WARNING - No viable dags retrieved from /opt/airflow/dags/AirflowOperatorRunner.py
[2024-05-25T09:11:46.636+0000] {processor.py:183} INFO - Processing /opt/airflow/dags/AirflowOperatorRunner.py took 0.022 seconds
[2024-05-25T09:12:16.975+0000] {processor.py:161} INFO - Started process (PID=4042) to work on /opt/airflow/dags/AirflowOperatorRunner.py
[2024-05-25T09:12:16.976+0000] {processor.py:830} INFO - Processing file /opt/airflow/dags/AirflowOperatorRunner.py for tasks to queue
[2024-05-25T09:12:16.978+0000] {logging_mixin.py:188} INFO - [2024-05-25T09:12:16.977+0000] {dagbag.py:545} INFO - Filling up the DagBag from /opt/airflow/dags/AirflowOperatorRunner.py
[2024-05-25T09:12:16.982+0000] {processor.py:842} WARNING - No viable dags retrieved from /opt/airflow/dags/AirflowOperatorRunner.py
[2024-05-25T09:12:17.000+0000] {processor.py:183} INFO - Processing /opt/airflow/dags/AirflowOperatorRunner.py took 0.037 seconds
[2024-05-25T09:12:47.243+0000] {processor.py:161} INFO - Started process (PID=4074) to work on /opt/airflow/dags/AirflowOperatorRunner.py
[2024-05-25T09:12:47.244+0000] {processor.py:830} INFO - Processing file /opt/airflow/dags/AirflowOperatorRunner.py for tasks to queue
[2024-05-25T09:12:47.244+0000] {logging_mixin.py:188} INFO - [2024-05-25T09:12:47.244+0000] {dagbag.py:545} INFO - Filling up the DagBag from /opt/airflow/dags/AirflowOperatorRunner.py
[2024-05-25T09:12:47.246+0000] {processor.py:842} WARNING - No viable dags retrieved from /opt/airflow/dags/AirflowOperatorRunner.py
[2024-05-25T09:12:47.256+0000] {processor.py:183} INFO - Processing /opt/airflow/dags/AirflowOperatorRunner.py took 0.017 seconds
[2024-05-25T09:13:17.521+0000] {processor.py:161} INFO - Started process (PID=4106) to work on /opt/airflow/dags/AirflowOperatorRunner.py
[2024-05-25T09:13:17.521+0000] {processor.py:830} INFO - Processing file /opt/airflow/dags/AirflowOperatorRunner.py for tasks to queue
[2024-05-25T09:13:17.522+0000] {logging_mixin.py:188} INFO - [2024-05-25T09:13:17.521+0000] {dagbag.py:545} INFO - Filling up the DagBag from /opt/airflow/dags/AirflowOperatorRunner.py
[2024-05-25T09:13:17.523+0000] {processor.py:842} WARNING - No viable dags retrieved from /opt/airflow/dags/AirflowOperatorRunner.py
[2024-05-25T09:13:17.533+0000] {processor.py:183} INFO - Processing /opt/airflow/dags/AirflowOperatorRunner.py took 0.015 seconds
[2024-05-25T09:13:47.854+0000] {processor.py:161} INFO - Started process (PID=4131) to work on /opt/airflow/dags/AirflowOperatorRunner.py
[2024-05-25T09:13:47.856+0000] {processor.py:830} INFO - Processing file /opt/airflow/dags/AirflowOperatorRunner.py for tasks to queue
[2024-05-25T09:13:47.857+0000] {logging_mixin.py:188} INFO - [2024-05-25T09:13:47.856+0000] {dagbag.py:545} INFO - Filling up the DagBag from /opt/airflow/dags/AirflowOperatorRunner.py
[2024-05-25T09:13:47.861+0000] {processor.py:842} WARNING - No viable dags retrieved from /opt/airflow/dags/AirflowOperatorRunner.py
[2024-05-25T09:13:47.881+0000] {processor.py:183} INFO - Processing /opt/airflow/dags/AirflowOperatorRunner.py took 0.038 seconds
[2024-05-25T09:14:18.184+0000] {processor.py:161} INFO - Started process (PID=4163) to work on /opt/airflow/dags/AirflowOperatorRunner.py
[2024-05-25T09:14:18.186+0000] {processor.py:830} INFO - Processing file /opt/airflow/dags/AirflowOperatorRunner.py for tasks to queue
[2024-05-25T09:14:18.187+0000] {logging_mixin.py:188} INFO - [2024-05-25T09:14:18.186+0000] {dagbag.py:545} INFO - Filling up the DagBag from /opt/airflow/dags/AirflowOperatorRunner.py
[2024-05-25T09:14:18.191+0000] {processor.py:842} WARNING - No viable dags retrieved from /opt/airflow/dags/AirflowOperatorRunner.py
[2024-05-25T09:14:18.208+0000] {processor.py:183} INFO - Processing /opt/airflow/dags/AirflowOperatorRunner.py took 0.031 seconds
[2024-05-25T09:14:48.492+0000] {processor.py:161} INFO - Started process (PID=4195) to work on /opt/airflow/dags/AirflowOperatorRunner.py
[2024-05-25T09:14:48.493+0000] {processor.py:830} INFO - Processing file /opt/airflow/dags/AirflowOperatorRunner.py for tasks to queue
[2024-05-25T09:14:48.494+0000] {logging_mixin.py:188} INFO - [2024-05-25T09:14:48.494+0000] {dagbag.py:545} INFO - Filling up the DagBag from /opt/airflow/dags/AirflowOperatorRunner.py
[2024-05-25T09:14:48.498+0000] {processor.py:842} WARNING - No viable dags retrieved from /opt/airflow/dags/AirflowOperatorRunner.py
[2024-05-25T09:14:48.515+0000] {processor.py:183} INFO - Processing /opt/airflow/dags/AirflowOperatorRunner.py took 0.031 seconds
[2024-05-25T09:15:18.804+0000] {processor.py:161} INFO - Started process (PID=4220) to work on /opt/airflow/dags/AirflowOperatorRunner.py
[2024-05-25T09:15:18.805+0000] {processor.py:830} INFO - Processing file /opt/airflow/dags/AirflowOperatorRunner.py for tasks to queue
[2024-05-25T09:15:18.807+0000] {logging_mixin.py:188} INFO - [2024-05-25T09:15:18.806+0000] {dagbag.py:545} INFO - Filling up the DagBag from /opt/airflow/dags/AirflowOperatorRunner.py
[2024-05-25T09:15:18.811+0000] {processor.py:842} WARNING - No viable dags retrieved from /opt/airflow/dags/AirflowOperatorRunner.py
[2024-05-25T09:15:18.828+0000] {processor.py:183} INFO - Processing /opt/airflow/dags/AirflowOperatorRunner.py took 0.032 seconds
[2024-05-25T09:16:02.175+0000] {processor.py:161} INFO - Started process (PID=4255) to work on /opt/airflow/dags/AirflowOperatorRunner.py
[2024-05-25T09:16:02.175+0000] {processor.py:830} INFO - Processing file /opt/airflow/dags/AirflowOperatorRunner.py for tasks to queue
[2024-05-25T09:16:02.176+0000] {logging_mixin.py:188} INFO - [2024-05-25T09:16:02.176+0000] {dagbag.py:545} INFO - Filling up the DagBag from /opt/airflow/dags/AirflowOperatorRunner.py
[2024-05-25T09:16:02.180+0000] {processor.py:842} WARNING - No viable dags retrieved from /opt/airflow/dags/AirflowOperatorRunner.py
[2024-05-25T09:16:02.199+0000] {processor.py:183} INFO - Processing /opt/airflow/dags/AirflowOperatorRunner.py took 0.031 seconds
[2024-05-25T09:16:32.523+0000] {processor.py:161} INFO - Started process (PID=4277) to work on /opt/airflow/dags/AirflowOperatorRunner.py
[2024-05-25T09:16:32.525+0000] {processor.py:830} INFO - Processing file /opt/airflow/dags/AirflowOperatorRunner.py for tasks to queue
[2024-05-25T09:16:32.526+0000] {logging_mixin.py:188} INFO - [2024-05-25T09:16:32.525+0000] {dagbag.py:545} INFO - Filling up the DagBag from /opt/airflow/dags/AirflowOperatorRunner.py
[2024-05-25T09:16:32.530+0000] {processor.py:842} WARNING - No viable dags retrieved from /opt/airflow/dags/AirflowOperatorRunner.py
[2024-05-25T09:16:32.549+0000] {processor.py:183} INFO - Processing /opt/airflow/dags/AirflowOperatorRunner.py took 0.038 seconds
[2024-05-25T09:17:02.851+0000] {processor.py:161} INFO - Started process (PID=4309) to work on /opt/airflow/dags/AirflowOperatorRunner.py
[2024-05-25T09:17:02.853+0000] {processor.py:830} INFO - Processing file /opt/airflow/dags/AirflowOperatorRunner.py for tasks to queue
[2024-05-25T09:17:02.854+0000] {logging_mixin.py:188} INFO - [2024-05-25T09:17:02.854+0000] {dagbag.py:545} INFO - Filling up the DagBag from /opt/airflow/dags/AirflowOperatorRunner.py
[2024-05-25T09:17:02.858+0000] {processor.py:842} WARNING - No viable dags retrieved from /opt/airflow/dags/AirflowOperatorRunner.py
[2024-05-25T09:17:02.876+0000] {processor.py:183} INFO - Processing /opt/airflow/dags/AirflowOperatorRunner.py took 0.036 seconds
